<?xml version="1.0" encoding="UTF-8"?>
<beans xmlns="http://www.springframework.org/schema/beans"
       xmlns:xsi="http://www.w3.org/2001/XMLSchema-instance"
       xsi:schemaLocation="http://www.springframework.org/schema/beans http://www.springframework.org/schema/beans/spring-beans.xsd">

    <bean id="sample1" class="com.pgm.springdemo.sample.SampleDTO">
        <property name="name" value="홍길동"/>
        <property name="age" value="20"/>
        <property name="hobby">
            <list>
                <value>게임</value>
                <value>자전거 타기</value>
                <value>수영</value>
            </list>
        </property>
    </bean>
    <bean id="sample2" class="com.pgm.springdemo.sample.SampleDTO">
        <property name="name" value="홍길수"/>
        <property name="age" value="40"/>
        <property name="hobby">
            <list>
                <value>등산</value>
                <value>영화감상</value>
            </list>
        </property>
    </bean>
</beans>